<?xml version="1.0" encoding="UTF-8"?>
<!-- Generated by org.testng.reporters.JUnitReportReporter -->
<testsuite hostname="VikasReddy" failures="0" tests="1" name="testCases.RunFlipKart" time="16.994" errors="0" timestamp="2023-10-30T20:52:10 IST" skipped="0">
  <testcase classname="testCases.RunFlipKart" name="runTestCaseFlipkart" time="16.994"/>
  <system-out/>
</testsuite> <!-- testCases.RunFlipKart -->
