<?xml version="1.0" encoding="UTF-8"?>
<!-- Generated by org.testng.reporters.JUnitReportReporter -->
<testsuite hostname="VikasReddy" failures="0" tests="1" name="Problem3_Assignment.Make_My_Trip" time="12.193" errors="0" timestamp="2023-10-14T20:57:30 IST" skipped="0">
  <testcase classname="Problem3_Assignment.Make_My_Trip" name="makeMyTripFireFox" time="12.193"/>
  <system-out/>
</testsuite> <!-- Problem3_Assignment.Make_My_Trip -->
